{"C:\\Users\\hande\\Documents\\newProject\\PROJECTS\\REPOS\\Games\\asteroids\\asteroids-cleaning\\js\\astroid.js": {"path":"C:\\Users\\hande\\Documents\\newProject\\PROJECTS\\REPOS\\Games\\asteroids\\asteroids-cleaning\\js\\astroid.js","statementMap":{"0":{"start":{"line":4,"column":15},"end":{"line":4,"column":19}},"1":{"start":{"line":5,"column":12},"end":{"line":5,"column":16}},"2":{"start":{"line":6,"column":4},"end":{"line":7,"column":62}},"3":{"start":{"line":8,"column":4},"end":{"line":8,"column":54}},"4":{"start":{"line":9,"column":4},"end":{"line":9,"column":20}},"5":{"start":{"line":10,"column":4},"end":{"line":10,"column":33}},"6":{"start":{"line":11,"column":4},"end":{"line":11,"column":35}},"7":{"start":{"line":12,"column":4},"end":{"line":12,"column":55}},"8":{"start":{"line":13,"column":4},"end":{"line":13,"column":15}},"9":{"start":{"line":14,"column":4},"end":{"line":14,"column":19}},"10":{"start":{"line":16,"column":4},"end":{"line":18,"column":5}},"11":{"start":{"line":16,"column":17},"end":{"line":16,"column":18}},"12":{"start":{"line":17,"column":6},"end":{"line":17,"column":41}},"13":{"start":{"line":22,"column":14},"end":{"line":22,"column":18}},"14":{"start":{"line":23,"column":6},"end":{"line":23,"column":23}},"15":{"start":{"line":24,"column":2},"end":{"line":26,"column":3}},"16":{"start":{"line":30,"column":14},"end":{"line":30,"column":18}},"17":{"start":{"line":31,"column":6},"end":{"line":31,"column":13}},"18":{"start":{"line":32,"column":6},"end":{"line":32,"column":18}},"19":{"start":{"line":33,"column":6},"end":{"line":33,"column":22}},"20":{"start":{"line":34,"column":6},"end":{"line":34,"column":31}},"21":{"start":{"line":35,"column":6},"end":{"line":35,"column":34}},"22":{"start":{"line":36,"column":6},"end":{"line":36,"column":19}},"23":{"start":{"line":37,"column":6},"end":{"line":37,"column":49}},"24":{"start":{"line":38,"column":6},"end":{"line":46,"column":7}},"25":{"start":{"line":38,"column":19},"end":{"line":38,"column":20}},"26":{"start":{"line":39,"column":16},"end":{"line":39,"column":33}},"27":{"start":{"line":40,"column":19},"end":{"line":40,"column":53}},"28":{"start":{"line":42,"column":8},"end":{"line":42,"column":20}},"29":{"start":{"line":43,"column":16},"end":{"line":43,"column":44}},"30":{"start":{"line":44,"column":16},"end":{"line":44,"column":44}},"31":{"start":{"line":45,"column":8},"end":{"line":45,"column":21}},"32":{"start":{"line":47,"column":6},"end":{"line":47,"column":22}},"33":{"start":{"line":48,"column":4},"end":{"line":48,"column":10}},"34":{"start":{"line":52,"column":6},"end":{"line":54,"column":7}},"35":{"start":{"line":52,"column":19},"end":{"line":52,"column":20}},"36":{"start":{"line":53,"column":8},"end":{"line":53,"column":46}},"37":{"start":{"line":54,"column":7},"end":{"line":54,"column":22}},"38":{"start":{"line":57,"column":14},"end":{"line":57,"column":64}},"39":{"start":{"line":58,"column":6},"end":{"line":68,"column":7}},"40":{"start":{"line":59,"column":8},"end":{"line":59,"column":26}},"41":{"start":{"line":60,"column":8},"end":{"line":60,"column":25}},"42":{"start":{"line":62,"column":7},"end":{"line":62,"column":27}},"43":{"start":{"line":65,"column":8},"end":{"line":65,"column":27}},"44":{"start":{"line":66,"column":8},"end":{"line":66,"column":28}},"45":{"start":{"line":71,"column":6},"end":{"line":71,"column":16}},"46":{"start":{"line":73,"column":6},"end":{"line":79,"column":7}},"47":{"start":{"line":74,"column":8},"end":{"line":74,"column":19}},"48":{"start":{"line":75,"column":9},"end":{"line":78,"column":7}},"49":{"start":{"line":75,"column":22},"end":{"line":75,"column":23}},"50":{"start":{"line":76,"column":8},"end":{"line":76,"column":56}},"51":{"start":{"line":77,"column":8},"end":{"line":77,"column":51}},"52":{"start":{"line":84,"column":14},"end":{"line":84,"column":18}},"53":{"start":{"line":86,"column":6},"end":{"line":90,"column":7}},"54":{"start":{"line":87,"column":8},"end":{"line":87,"column":23}},"55":{"start":{"line":88,"column":13},"end":{"line":90,"column":7}},"56":{"start":{"line":89,"column":8},"end":{"line":89,"column":30}},"57":{"start":{"line":91,"column":6},"end":{"line":95,"column":7}},"58":{"start":{"line":92,"column":8},"end":{"line":92,"column":23}},"59":{"start":{"line":93,"column":13},"end":{"line":95,"column":7}},"60":{"start":{"line":94,"column":8},"end":{"line":94,"column":31}},"61":{"start":{"line":99,"column":2},"end":{"line":107,"column":1}},"62":{"start":{"line":99,"column":15},"end":{"line":99,"column":37}},"63":{"start":{"line":100,"column":7},"end":{"line":100,"column":21}},"64":{"start":{"line":101,"column":4},"end":{"line":101,"column":15}},"65":{"start":{"line":101,"column":15},"end":{"line":101,"column":26}},"66":{"start":{"line":101,"column":26},"end":{"line":101,"column":36}},"67":{"start":{"line":102,"column":2},"end":{"line":106,"column":1}},"68":{"start":{"line":102,"column":15},"end":{"line":102,"column":37}},"69":{"start":{"line":104,"column":12},"end":{"line":104,"column":26}},"70":{"start":{"line":105,"column":4},"end":{"line":105,"column":20}}},"fnMap":{"0":{"name":"(anonymous_0)","decl":{"start":{"line":3,"column":2},"end":{"line":3,"column":3}},"loc":{"start":{"line":3,"column":29},"end":{"line":19,"column":3}},"line":3},"1":{"name":"(anonymous_1)","decl":{"start":{"line":21,"column":4},"end":{"line":21,"column":5}},"loc":{"start":{"line":21,"column":12},"end":{"line":27,"column":5}},"line":21},"2":{"name":"(anonymous_2)","decl":{"start":{"line":29,"column":4},"end":{"line":29,"column":5}},"loc":{"start":{"line":29,"column":12},"end":{"line":50,"column":3}},"line":29},"3":{"name":"(anonymous_3)","decl":{"start":{"line":51,"column":4},"end":{"line":51,"column":5}},"loc":{"start":{"line":51,"column":9},"end":{"line":55,"column":5}},"line":51},"4":{"name":"(anonymous_4)","decl":{"start":{"line":56,"column":4},"end":{"line":56,"column":5}},"loc":{"start":{"line":56,"column":14},"end":{"line":68,"column":8}},"line":56},"5":{"name":"(anonymous_5)","decl":{"start":{"line":70,"column":4},"end":{"line":70,"column":5}},"loc":{"start":{"line":70,"column":13},"end":{"line":81,"column":5}},"line":70},"6":{"name":"(anonymous_6)","decl":{"start":{"line":83,"column":4},"end":{"line":83,"column":5}},"loc":{"start":{"line":83,"column":11},"end":{"line":96,"column":5}},"line":83},"7":{"name":"drawAsteroid","decl":{"start":{"line":98,"column":9},"end":{"line":98,"column":21}},"loc":{"start":{"line":98,"column":23},"end":{"line":107,"column":2}},"line":98}},"branchMap":{"0":{"loc":{"start":{"line":6,"column":4},"end":{"line":7,"column":61}},"type":"cond-expr","locations":[{"start":{"line":6,"column":10},"end":{"line":6,"column":28}},{"start":{"line":6,"column":31},"end":{"line":7,"column":61}}],"line":6},"1":{"loc":{"start":{"line":8,"column":4},"end":{"line":8,"column":53}},"type":"cond-expr","locations":[{"start":{"line":8,"column":13},"end":{"line":8,"column":31}},{"start":{"line":8,"column":34},"end":{"line":8,"column":53}}],"line":8},"2":{"loc":{"start":{"line":12,"column":4},"end":{"line":12,"column":54}},"type":"cond-expr","locations":[{"start":{"line":12,"column":7},"end":{"line":12,"column":21}},{"start":{"line":12,"column":22},"end":{"line":12,"column":54}}],"line":12},"3":{"loc":{"start":{"line":24,"column":2},"end":{"line":26,"column":3}},"type":"if","locations":[{"start":{"line":24,"column":2},"end":{"line":26,"column":3}},{"start":{},"end":{}}],"line":24},"4":{"loc":{"start":{"line":58,"column":6},"end":{"line":68,"column":7}},"type":"if","locations":[{"start":{"line":58,"column":6},"end":{"line":68,"column":7}},{"start":{"line":63,"column":11},"end":{"line":68,"column":7}}],"line":58},"5":{"loc":{"start":{"line":73,"column":6},"end":{"line":79,"column":7}},"type":"if","locations":[{"start":{"line":73,"column":6},"end":{"line":79,"column":7}},{"start":{},"end":{}}],"line":73},"6":{"loc":{"start":{"line":86,"column":6},"end":{"line":90,"column":7}},"type":"if","locations":[{"start":{"line":86,"column":6},"end":{"line":90,"column":7}},{"start":{"line":88,"column":13},"end":{"line":90,"column":7}}],"line":86},"7":{"loc":{"start":{"line":88,"column":13},"end":{"line":90,"column":7}},"type":"if","locations":[{"start":{"line":88,"column":13},"end":{"line":90,"column":7}},{"start":{},"end":{}}],"line":88},"8":{"loc":{"start":{"line":91,"column":6},"end":{"line":95,"column":7}},"type":"if","locations":[{"start":{"line":91,"column":6},"end":{"line":95,"column":7}},{"start":{"line":93,"column":13},"end":{"line":95,"column":7}}],"line":91},"9":{"loc":{"start":{"line":93,"column":13},"end":{"line":95,"column":7}},"type":"if","locations":[{"start":{"line":93,"column":13},"end":{"line":95,"column":7}},{"start":{},"end":{}}],"line":93}},"s":{"0":0,"1":0,"2":0,"3":0,"4":0,"5":0,"6":0,"7":0,"8":0,"9":0,"10":0,"11":0,"12":0,"13":0,"14":0,"15":0,"16":0,"17":0,"18":0,"19":0,"20":0,"21":0,"22":0,"23":0,"24":0,"25":0,"26":0,"27":0,"28":0,"29":0,"30":0,"31":0,"32":0,"33":0,"34":0,"35":0,"36":0,"37":0,"38":0,"39":0,"40":0,"41":0,"42":0,"43":0,"44":0,"45":0,"46":0,"47":0,"48":0,"49":0,"50":0,"51":0,"52":0,"53":0,"54":0,"55":0,"56":0,"57":0,"58":0,"59":0,"60":0,"61":0,"62":0,"63":0,"64":0,"65":0,"66":0,"67":0,"68":0,"69":0,"70":0},"f":{"0":0,"1":0,"2":0,"3":0,"4":0,"5":0,"6":0,"7":0},"b":{"0":[0,0],"1":[0,0],"2":[0,0],"3":[0,0],"4":[0,0],"5":[0,0],"6":[0,0],"7":[0,0],"8":[0,0],"9":[0,0]},"_coverageSchema":"1a1c01bbd47fc00a2c39e90264f33305004495a9","hash":"676b656b65eef1498b56479e6c75a968ec415e95"}
}
